app/build/outputs/mapping/release/seeds.txt
ir.vadana.extractor.domain.PageNavigationEvent
ir.vadana.extractor.domain.BoardShape$Text
ir.vadana.extractor.domain.Whiteboard$special$$inlined$compareBy$1
ir.vadana.extractor.domain.StreamSegment
ir.vadana.extractor.domain.StreamType
ir.vadana.extractor.domain.Whiteboard
ir.vadana.extractor.domain.BoardShape$Pencil
ir.vadana.extractor.MainActivity
ir.vadana.extractor.domain.BoardShape
ir.vadana.extractor.domain.ExtractionRequest
ir.vadana.extractor.domain.Recording
ir.vadana.extractor.VadanaApplication
ir.vadana.extractor.domain.FileCategory
ir.vadana.extractor.domain.StreamType$Companion
ir.vadana.extractor.domain.BoardEvent
ir.vadana.extractor.domain.SharedFile
ir.vadana.extractor.worker.VadanaExtractionWorker
ir.vadana.extractor.domain.PageKey
ir.vadana.extractor.domain.OutputKind
ir.vadana.extractor.domain.Whiteboard$special$$inlined$thenBy$1
ir.vadana.extractor.domain.VideoQuality
ir.vadana.extractor.domain.PointerEvent
ir.vadana.extractor.domain.ExportedItem
ir.vadana.extractor.domain.RecordingAnalysis
ir.vadana.extractor.ui.MainViewModel
ir.vadana.extractor.domain.StreamType: ir.vadana.extractor.domain.StreamType CAMERA_VOIP
ir.vadana.extractor.domain.StreamType: ir.vadana.extractor.domain.StreamType$Companion Companion
ir.vadana.extractor.domain.ExtractionRequest: int $stable
ir.vadana.extractor.domain.Whiteboard$special$$inlined$thenBy$1: java.util.Comparator $this_thenBy
ir.vadana.extractor.domain.BoardShape$Text: int $stable
ir.vadana.extractor.domain.RecordingAnalysis: ir.vadana.extractor.domain.Recording recording
ir.vadana.extractor.domain.StreamType: ir.vadana.extractor.domain.StreamType OTHER
ir.vadana.extractor.domain.VideoQuality: ir.vadana.extractor.domain.VideoQuality QHD
ir.vadana.extractor.domain.OutputKind: ir.vadana.extractor.domain.OutputKind AUDIO_M4A
ir.vadana.extractor.domain.BoardShape$Text: int color
ir.vadana.extractor.domain.PointerEvent: float xPercent
ir.vadana.extractor.domain.Whiteboard: int $stable
ir.vadana.extractor.domain.VideoQuality: ir.vadana.extractor.domain.VideoQuality[] $VALUES
ir.vadana.extractor.domain.BoardShape$Text: int depth
ir.vadana.extractor.domain.FileCategory: ir.vadana.extractor.domain.FileCategory AUDIO
ir.vadana.extractor.domain.StreamType: ir.vadana.extractor.domain.StreamType[] $VALUES
ir.vadana.extractor.domain.PageKey: int podIndex
ir.vadana.extractor.domain.StreamSegment: ir.vadana.extractor.domain.StreamType type
ir.vadana.extractor.domain.Recording: java.lang.String recordingId
ir.vadana.extractor.domain.Whiteboard: java.util.Map finalShapes
ir.vadana.extractor.domain.ExportedItem: java.lang.String mimeType
ir.vadana.extractor.domain.BoardShape$Text: float y
ir.vadana.extractor.domain.BoardEvent: ir.vadana.extractor.domain.BoardShape shape
ir.vadana.extractor.domain.Recording: int $stable
ir.vadana.extractor.domain.FileCategory: ir.vadana.extractor.domain.FileCategory VIDEO
ir.vadana.extractor.domain.StreamType: ir.vadana.extractor.domain.StreamType SCREEN_SHARE
ir.vadana.extractor.domain.PageNavigationEvent: ir.vadana.extractor.domain.PageKey page
ir.vadana.extractor.domain.BoardEvent: long timestampMs
ir.vadana.extractor.domain.OutputKind: ir.vadana.extractor.domain.OutputKind SHARED_FILES
ir.vadana.extractor.domain.BoardShape$Pencil: int depth
ir.vadana.extractor.domain.FileCategory: ir.vadana.extractor.domain.FileCategory DOCUMENT
ir.vadana.extractor.domain.RecordingAnalysis: int whiteboardPages
ir.vadana.extractor.domain.SharedFile: java.lang.String sourceBase
ir.vadana.extractor.domain.OutputKind: ir.vadana.extractor.domain.OutputKind WHITEBOARD_PDF
ir.vadana.extractor.domain.RecordingAnalysis: int whiteboardEvents
ir.vadana.extractor.domain.OutputKind: ir.vadana.extractor.domain.OutputKind[] $VALUES
ir.vadana.extractor.domain.BoardShape$Text: java.util.List lines
ir.vadana.extractor.domain.PointerEvent: boolean visible
ir.vadana.extractor.domain.Recording: java.lang.String sessionToken
ir.vadana.extractor.domain.BoardShape$Pencil: float width
...
androidx.core.view.WindowInsetsCompat$BuilderImpl29: void setTappableElementInsets(androidx.core.graphics.Insets)
com.arthenica.ffmpegkit.FFprobeKit: java.util.List listFFprobeSessions()
com.arthenica.ffmpegkit.FFmpegKitConfig: int setNativeEnvironmentVariable(java.lang.String,java.lang.String)
com.arthenica.smartexception.java.Exceptions: Exceptions()
com.arthenica.ffmpegkit.AbstractSession: java.lang.String getLogsAsString()
androidx.compose.ui.window.PopupLayout: android.view.View getViewRoot()
com.arthenica.ffmpegkit.Chapter: Chapter(org.json.JSONObject)
com.arthenica.ffmpegkit.Session: boolean thereAreAsynchronousMessagesInTransmit()
com.arthenica.ffmpegkit.R$raw: R$raw()
com.arthenica.smartexception.AbstractExceptions: void setPrintPackageInformation(boolean)
com.arthenica.smartexception.AbstractExceptions: AbstractExceptions()
androidx.compose.ui.unit.LayoutDirection: androidx.compose.ui.unit.LayoutDirection valueOf(java.lang.String)
kotlin.time.DurationUnit: kotlin.time.DurationUnit valueOf(java.lang.String)
com.arthenica.ffmpegkit.MediaInformation: java.lang.String getStringFormatProperty(java.lang.String)
androidx.core.view.WindowInsetsCompat$BuilderImpl34: WindowInsetsCompat$BuilderImpl34(androidx.core.view.WindowInsetsCompat)
com.arthenica.ffmpegkit.FFmpegKitConfig: int safClose(int)
androidx.compose.material3.SnackbarDuration: androidx.compose.material3.SnackbarDuration[] values()
androidx.compose.ui.layout.MeasuringIntrinsics$IntrinsicMinMax: androidx.compose.ui.layout.MeasuringIntrinsics$IntrinsicMinMax[] values()
com.arthenica.ffmpegkit.FFmpegKitConfig: void asyncGetMediaInformationExecute(com.arthenica.ffmpegkit.MediaInformationSession,int)
com.arthenica.ffmpegkit.FFmpegKitConfig: void closeFFmpegPipe(java.lang.String)
com.arthenica.ffmpegkit.StreamInformation: java.lang.String getStringProperty(java.lang.String)
com.arthenica.ffmpegkit.FFmpegKitConfig: java.lang.String extractExtensionFromSafDisplayName(java.lang.String)
com.arthenica.ffmpegkit.Statistics: void setTime(double)
androidx.core.view.WindowInsetsCompat$Impl20: void setRootViewData(androidx.core.graphics.Insets)
androidx.compose.ui.platform.AndroidComposeView: androidx.compose.ui.node.LayoutNode getRoot()
com.arthenica.ffmpegkit.StreamInformation: java.lang.String getAverageFrameRate()
okhttp3.internal.publicsuffix.PublicSuffixDatabase: PublicSuffixDatabase()
com.arthenica.smartexception.java.JavaPackageLoader: JavaPackageLoader()
com.arthenica.ffmpegkit.Signal: int getValue()
com.arthenica.ffmpegkit.Session: java.lang.String getOutput()
com.arthenica.ffmpegkit.AbstractSession: java.lang.String getAllLogsAsString(int)
com.arthenica.ffmpegkit.MediaInformation: java.lang.String getLongFormat()
androidx.core.view.WindowInsetsCompat$Impl30: androidx.core.graphics.Insets getInsetsIgnoringVisibility(int)
androidx.core.view.WindowInsetsCompat$Impl29: WindowInsetsCompat$Impl29(androidx.core.view.WindowInsetsCompat,androidx.core.view.WindowInsetsCompat$Impl29)
androidx.lifecycle.ReportFragment$LifecycleCallbacks: void onActivityStarted(android.app.Activity)
android.support.v4.graphics.drawable.IconCompatParcelizer: IconCompatParcelizer()
androidx.compose.ui.platform.AndroidComposeView: androidx.compose.ui.platform.ClipboardManager getClipboardManager()
androidx.core.view.WindowInsetsCompat$BuilderImpl20: androidx.core.view.WindowInsetsCompat build()
androidx.compose.ui.platform.AndroidComposeView: long getMeasureIteration()
com.arthenica.smartexception.java.Exceptions: java.lang.String getStackTraceString(java.lang.Throwable,int)
com.arthenica.ffmpegkit.FFmpegKitConfig: void setNativeLogLevel(int)
androidx.compose.ui.focus.FocusStateImpl: androidx.compose.ui.focus.FocusStateImpl valueOf(java.lang.String)
com.arthenica.ffmpegkit.FFmpegSession: com.arthenica.ffmpegkit.Statistics getLastReceivedStatistics()