app/build/outputs/mapping/release/usage.txt
ir.vadana.extractor.BuildConfig
ir.vadana.extractor.R$drawable:
    public static int ic_launcher_foreground
    private void <init>()
ir.vadana.extractor.R$string:
    public static int app_name
    private void <init>()
ir.vadana.extractor.R$style
ir.vadana.extractor.R$xml
ir.vadana.extractor.R
ir.vadana.extractor.VadanaApplication:
    public static final java.lang.String CHANNEL_ID
ir.vadana.extractor.data.ConnectClient:
    public static synthetic java.io.File downloadSharedFile$default(ir.vadana.extractor.data.ConnectClient,ir.vadana.extractor.domain.SharedFile,java.io.File,kotlin.jvm.functions.Function2,int,java.lang.Object)
    private static final kotlin.Unit downloadSharedFile$lambda$12(long,long)
ir.vadana.extractor.data.InsecureOkHttpClient:
    public static final int $stable
ir.vadana.extractor.data.PackageArchive:
    public static final long MAX_MEDIA_ENTRY_BYTES
    public static final long MAX_TEXT_ENTRY_BYTES
ir.vadana.extractor.data.VadanaRepository:
    public static synthetic java.lang.Object analyze$default(ir.vadana.extractor.data.VadanaRepository,java.lang.String,kotlin.jvm.functions.Function2,kotlin.coroutines.Continuation,int,java.lang.Object)
    private static final kotlin.Unit analyze$lambda$0(long,long)
ir.vadana.extractor.data.WhiteboardParser$PodBoard:
    public void <init>()
    public final java.util.Map component1()
    public final java.util.List component2()
    public final java.util.List component3()
    public final ir.vadana.extractor.data.WhiteboardParser$PodBoard copy(java.util.Map,java.util.List,java.util.List)
    public static synthetic ir.vadana.extractor.data.WhiteboardParser$PodBoard copy$default(ir.vadana.extractor.data.WhiteboardParser$PodBoard,java.util.Map,java.util.List,java.util.List,int,java.lang.Object)
ir.vadana.extractor.media.AudioExtractor:
    public static synthetic java.lang.Object buildMasterAudio$default(ir.vadana.extractor.media.AudioExtractor,ir.vadana.extractor.data.PackageArchive,java.util.List,java.io.File,java.io.File,long,kotlin.jvm.functions.Function1,kotlin.coroutines.Continuation,int,java.lang.Object)
    private static final kotlin.Unit buildMasterAudio$lambda$8(float)
ir.vadana.extractor.media.FfmpegEngine:
    public static synthetic java.lang.Object execute$default(ir.vadana.extractor.media.FfmpegEngine,java.lang.String,long,kotlin.jvm.functions.Function1,kotlin.coroutines.Continuation,int,java.lang.Object)
    private static final kotlin.Unit execute$lambda$0(float)
ir.vadana.extractor.media.VideoComposer$Frame:
    public final double component1()
    public final java.io.File component2()
    public final int component3()
ir.vadana.extractor.media.VideoComposer$Window:
    public final double component1()
    public final double component2()
    public final ir.vadana.extractor.media.VideoComposer$Window copy(double,double)
    public static synthetic ir.vadana.extractor.media.VideoComposer$Window copy$default(ir.vadana.extractor.media.VideoComposer$Window,double,double,int,java.lang.Object)
ir.vadana.extractor.render.PdfBackgroundSource$Companion$openMatching$Candidate:
    public final java.io.File component1()
    public final int component2()
    public final ir.vadana.extractor.render.PdfBackgroundSource$Companion$openMatching$Candidate copy(java.io.File,int)
    public static synthetic ir.vadana.extractor.render.PdfBackgroundSource$Companion$openMatching$Candidate copy$default(ir.vadana.extractor.render.PdfBackgroundSource$Companion$openMatching$Candidate,java.io.File,int,int,java.lang.Object)
ir.vadana.extractor.render.PdfSlideshowRenderer$TimedFrame:
    public final double component1()
    public final java.io.File component2()
    public final ir.vadana.extractor.render.PdfSlideshowRenderer$TimedFrame copy(double,java.io.File)
    public static synthetic ir.vadana.extractor.render.PdfSlideshowRenderer$TimedFrame copy$default(ir.vadana.extractor.render.PdfSlideshowRenderer$TimedFrame,double,java.io.File,int,java.lang.Object)
...
androidx.compose.foundation.PlatformMagnifierFactoryApi29Impl:
    public static final int $stable
androidx.compose.foundation.PreferKeepClearElement
androidx.compose.foundation.PreferKeepClearNode
androidx.compose.foundation.PreferKeepClear_androidKt
androidx.compose.foundation.ProgressSemanticsKt$progressSemantics$1
androidx.compose.foundation.ProgressSemanticsKt:
    public static final androidx.compose.ui.Modifier progressSemantics(androidx.compose.ui.Modifier,float,kotlin.ranges.ClosedFloatingPointRange,int)
    public static synthetic androidx.compose.ui.Modifier progressSemantics$default(androidx.compose.ui.Modifier,float,kotlin.ranges.ClosedFloatingPointRange,int,int,java.lang.Object)
androidx.compose.foundation.R$string:
    public static int tooltip_description
    public static int tooltip_label
    private void <init>()
androidx.compose.foundation.R
androidx.compose.foundation.RectListNode
androidx.compose.foundation.ScrollKt:
    public static final androidx.compose.ui.Modifier horizontalScroll(androidx.compose.ui.Modifier,androidx.compose.foundation.ScrollState,androidx.compose.foundation.OverscrollEffect,boolean,androidx.compose.foundation.gestures.FlingBehavior,boolean)
    public static final androidx.compose.ui.Modifier horizontalScroll(androidx.compose.ui.Modifier,androidx.compose.foundation.ScrollState,boolean,androidx.compose.foundation.gestures.FlingBehavior,boolean)
    public static synthetic androidx.compose.ui.Modifier horizontalScroll$default(androidx.compose.ui.Modifier,androidx.compose.foundation.ScrollState,androidx.compose.foundation.OverscrollEffect,boolean,androidx.compose.foundation.gestures.FlingBehavior,boolean,int,java.lang.Object)
    public static synthetic androidx.compose.ui.Modifier horizontalScroll$default(androidx.compose.ui.Modifier,androidx.compose.foundation.ScrollState,boolean,androidx.compose.foundation.gestures.FlingBehavior,boolean,int,java.lang.Object)
    public static final androidx.compose.ui.Modifier verticalScroll(androidx.compose.ui.Modifier,androidx.compose.foundation.ScrollState,androidx.compose.foundation.OverscrollEffect,boolean,androidx.compose.foundation.gestures.FlingBehavior,boolean)
androidx.compose.foundation.ScrollState:
    public static final int $stable
    public final java.lang.Object animateScrollTo(int,androidx.compose.animation.core.AnimationSpec,kotlin.coroutines.Continuation)
    public static synthetic java.lang.Object animateScrollTo$default(androidx.compose.foundation.ScrollState,int,androidx.compose.animation.core.AnimationSpec,kotlin.coroutines.Continuation,int,java.lang.Object)
    public final androidx.compose.foundation.interaction.InteractionSource getInteractionSource()
    public boolean getLastScrolledBackward()
    public boolean getLastScrolledForward()
    public final int getViewportSize()
    public final java.lang.Object scrollTo(int,kotlin.coroutines.Continuation)
androidx.compose.foundation.ScrollingContainerElement:
    public void inspectableProperties(androidx.compose.ui.platform.InspectorInfo)
androidx.compose.foundation.ScrollingLayoutElement:
    public static final int $stable
    public final boolean getReverseScrolling()
    public final androidx.compose.foundation.ScrollState getScrollState()
    public void inspectableProperties(androidx.compose.ui.platform.InspectorInfo)
    public final boolean isVertical()
androidx.compose.foundation.SurfaceCoroutineScope
androidx.compose.foundation.SurfaceScope
androidx.compose.foundation.SystemGestureExclusionKt
androidx.compose.foundation.WrappedOverscrollEffect$node$1
androidx.compose.foundation.WrappedOverscrollEffect
androidx.compose.foundation.content.MediaType$Companion
androidx.compose.foundation.content.MediaType
androidx.compose.foundation.content.PlatformTransferableContent
androidx.compose.foundation.content.ReceiveContentElement
androidx.compose.foundation.content.ReceiveContentKt
androidx.compose.foundation.content.ReceiveContentListener